[02/Aug/2019:00:02:59] (ℹ️): WordPress Instance Info:
[02/Aug/2019:00:02:59] (ℹ️): Home URL : http://www.macsboost.net
[02/Aug/2019:00:02:59] (ℹ️): Site URL : http://www.macsboost.net
[02/Aug/2019:00:02:59] (ℹ️): WordPress Version : 5.2.2
[02/Aug/2019:00:02:59] (ℹ️): Onboarding Version : 1.6.2
[02/Aug/2019:00:02:59] (ℹ️): Multisite : No
[02/Aug/2019:00:02:59] (ℹ️): Server Info : Apache
[02/Aug/2019:00:02:59] (ℹ️): PHP Version : 7.2.20
[02/Aug/2019:00:02:59] (ℹ️): HTTPS : No
[02/Aug/2019:00:02:59] (ℹ️): PHP Max Execution Time : 300
[02/Aug/2019:00:02:59] (ℹ️): PHP Max Input Vars : 1000
[02/Aug/2019:00:02:59] (ℹ️): Max Upload Size : 536870912
[02/Aug/2019:00:02:59] (ℹ️): Plugins:
[02/Aug/2019:00:02:59] (ℹ️): [PLUGIN] Autoptimize : v2.5.1 (Frank Goossens (futtta))
[02/Aug/2019:00:02:59] (ℹ️): [PLUGIN] Beaver Builder Plugin (Lite Version) : v2.2.2.5 (The Beaver Builder Team)
[02/Aug/2019:00:02:59] (ℹ️): [PLUGIN] Classic Editor : v1.5 (WordPress Contributors)
[02/Aug/2019:00:02:59] (ℹ️): [PLUGIN] Contact Form 7 : v5.1.3 (Takayuki Miyoshi)
[02/Aug/2019:00:02:59] (ℹ️): [PLUGIN] Duplicate Page : v3.8 (mndpsingh287)
[02/Aug/2019:00:02:59] (ℹ️): [PLUGIN] Easy Google Fonts : v1.4.4 (Titanium Themes)
[02/Aug/2019:00:02:59] (ℹ️): [PLUGIN] Elementor : v2.6.7 (Elementor.com)
[02/Aug/2019:00:02:59] (ℹ️): [PLUGIN] Essential Addons for Elementor : v3.1.5 (WPDeveloper)
[02/Aug/2019:00:02:59] (ℹ️): [PLUGIN] Loginizer : v1.4.2 (Raj Kothari)
[02/Aug/2019:00:02:59] (ℹ️): [PLUGIN] One Click Demo Import : v2.5.2 (ProteusThemes)
[02/Aug/2019:00:02:59] (ℹ️): [PLUGIN] Gutenberg Blocks and Template Library by Otter : v1.2.4 (ThemeIsle)
[02/Aug/2019:00:02:59] (ℹ️): [PLUGIN] PageLayer : v0.9.6 (Pagelayer Team)
[02/Aug/2019:00:02:59] (ℹ️): [PLUGIN] Premium Addons for Elementor : v3.6.1 (Leap13)
[02/Aug/2019:00:02:59] (ℹ️): [PLUGIN] Page Builder by SiteOrigin : v2.10.6 (SiteOrigin)
[02/Aug/2019:00:02:59] (ℹ️): [PLUGIN] SiteOrigin CSS : v1.2.4 (SiteOrigin)
[02/Aug/2019:00:02:59] (ℹ️): [PLUGIN] SiteOrigin Widgets Bundle : v1.15.7 (SiteOrigin)
[02/Aug/2019:00:02:59] (ℹ️): [PLUGIN] Table Maker : v1.9.1 (Wpsoul)
[02/Aug/2019:00:02:59] (ℹ️): [PLUGIN] ThirstyAffiliates : v3.9 (Rymera Web Co)
[02/Aug/2019:00:02:59] (ℹ️): [PLUGIN] Under Construction : v3.45 (WebFactory Ltd)
[02/Aug/2019:00:02:59] (ℹ️): [PLUGIN] Unlimited Elements for Elementor : v1.4.3 (Unlimited Elements)
[02/Aug/2019:00:02:59] (ℹ️): [PLUGIN] W3 Total Cache : v0.9.7.5 (Frederick Townes)
[02/Aug/2019:00:02:59] (ℹ️): [PLUGIN] Yoast SEO : v11.7 (Team Yoast)
